2021/11/09 20:42:15 {"callers":["E:/go/src/TicketSales/main.go: 20 main.init.0"],"level":"info","message":"eddycjy: go-programming-tour-book/blog-service","time":1636461735344213500}
2021/11/15 21:24:43 {"callers":["E:/go/src/TicketSales/main.go: 20 main.init.0"],"level":"error","message":"app.BindAndValid errs: State必须是[0 1]中的一个","time":1636982683758390100}
2021/11/15 21:25:22 {"callers":["E:/go/src/TicketSales/main.go: 20 main.init.0"],"level":"error","message":"app.BindAndValid errs: State必须是[0 1]中的一个","time":1636982722778287600}
2021/12/11 15:06:16 {"callers":["E:/go/src/TicketSales/main.go: 21 main.init.0"],"level":"error","message":"app.BindAndValid errs: Username为必填字段,Password为必填字段","time":1639206376475314000}
2021/12/11 15:22:35 {"callers":["E:/go/src/TicketSales/main.go: 21 main.init.0"],"level":"error","message":"app.BindAndValid errs: Identity为必填字段,Certificate为必填字段","time":1639207355123595300}
2021/12/11 15:23:40 {"callers":["E:/go/src/TicketSales/main.go: 21 main.init.0"],"level":"error","message":"svc.CheckAuth err: sql: expected 2 arguments, got 3","time":1639207420652678600}
2021/12/11 15:24:52 {"callers":["E:/go/src/TicketSales/main.go: 21 main.init.0"],"level":"error","message":"svc.CheckAuth err: auth info does not exist.","time":1639207492751641600}
2021/12/11 15:26:35 {"callers":["E:/go/src/TicketSales/main.go: 21 main.init.0"],"level":"error","message":"svc.CheckAuth err: auth info does not exist.","time":1639207595245001700}
2021/12/11 15:27:13 {"callers":["E:/go/src/TicketSales/main.go: 21 main.init.0"],"level":"error","message":"app.BindAndValid errs: IdentityType为必填字段","time":1639207633645709200}
2021/12/11 15:27:26 {"callers":["E:/go/src/TicketSales/main.go: 21 main.init.0"],"level":"error","message":"svc.CheckAuth err: auth info does not exist.","time":1639207646985952800}
2021/12/11 15:29:26 {"callers":["E:/go/src/TicketSales/main.go: 21 main.init.0"],"level":"error","message":"svc.CheckAuth err: sql: Scan error on column index 1, name \"uid\": Scan: invalid UUID length: 1","time":1639207766268198200}
2021/12/11 16:44:10 {"callers":["E:/go/src/TicketSales/main.go: 21 main.init.0"],"level":"error","message":"svc.CreateAuth err: Error 1054: Unknown column 'created_at' in 'field list'","time":1639212250966178600}
2021/12/13 17:12:04 {"callers":["E:/go/src/TicketSales/main.go: 21 main.init.0"],"level":"error","message":"svc.CreateAuth err: Error 1054: Unknown column 'deleted_at' in 'field list'","time":1639386724431920500}
2021/12/13 17:16:49 {"callers":["E:/go/src/TicketSales/main.go: 21 main.init.0"],"level":"error","message":"svc.CheckAuth err: Error 1054: Unknown column 'user_auth.deleted_at' in 'where clause'","time":1639387009977719200}
2021/12/13 17:22:41 {"callers":["E:/go/src/TicketSales/main.go: 21 main.init.0"],"level":"error","message":"svc.CheckAuth err: auth info does not exist.","time":1639387361176414400}
2021/12/13 17:24:15 {"callers":["E:/go/src/TicketSales/main.go: 21 main.init.0"],"level":"error","message":"svc.CreateAuth err: Error 1054: Unknown column 'updated' in 'field list'","time":1639387455424067700}
2021/12/13 17:30:21 {"callers":["E:/go/src/TicketSales/main.go: 21 main.init.0"],"level":"error","message":"svc.CreateAuth err: Error 1054: Unknown column 'delete_time' in 'field list'","time":1639387821459600300}
2021/12/15 16:33:11 {"callers":["E:/go/src/TicketSales/main.go: 22 main.init.0"],"level":"warn","message":"无法创建Redis连接：dial tcp: missing address","time":1639557191709344300}
2021/12/15 16:33:11 {"callers":["E:/go/src/TicketSales/main.go: 22 main.init.0"],"level":"error","message":"svc.CreateMobileCaptcha err: dial tcp: missing address","time":1639557191710032300}
2021/12/15 16:38:36 {"callers":["E:/go/src/TicketSales/main.go: 22 main.init.0"],"level":"error","message":"app.BindAndValid errs: ActionType为必填字段","time":1639557516837981700}
2021/12/15 16:38:51 {"callers":["E:/go/src/TicketSales/main.go: 22 main.init.0"],"level":"warn","message":"无法创建Redis连接：dial tcp: missing address","time":1639557531824048300}
2021/12/15 16:38:51 {"callers":["E:/go/src/TicketSales/main.go: 22 main.init.0"],"level":"error","message":"svc.CreateMobileCaptcha err: dial tcp: missing address","time":1639557531824551800}
2021/12/15 16:41:32 {"callers":["E:/go/src/TicketSales/main.go: 22 main.init.0"],"level":"warn","message":"无法创建Redis连接：dial tcp: missing address","time":1639557692073593000}
2021/12/15 16:41:32 {"callers":["E:/go/src/TicketSales/main.go: 22 main.init.0"],"level":"error","message":"svc.CreateMobileCaptcha err: dial tcp: missing address","time":1639557692074141900}
2021/12/15 17:12:51 {"callers":["E:/go/src/TicketSales/main.go: 22 main.init.0"],"level":"error","message":"svc.CreateMobileCaptcha err: 触发分钟级流控Permits:1","time":1639559571387109700}
2021/12/16 16:15:57 {"callers":["E:/go/src/TicketSales/main.go: 22 main.init.0"],"level":"error","message":"app.BindAndValid errs: Identity为必填字段,Captcha长度必须是6个字符","time":1639642557835834100}
2021/12/16 16:16:48 {"callers":["E:/go/src/TicketSales/main.go: 22 main.init.0"],"level":"error","message":"app.BindAndValid errs: Captcha长度必须是6个字符","time":1639642608836024000}
2021/12/16 16:16:51 {"callers":["E:/go/src/TicketSales/main.go: 22 main.init.0"],"level":"error","message":"svc.LoginByMobileCaptcha err: 验证码错误或失效","time":1639642611886486500}
2021/12/16 16:23:04 {"callers":["E:/go/src/TicketSales/main.go: 22 main.init.0"],"level":"error","message":"svc.LoginByMobileCaptcha err: 验证码错误或失效","time":1639642984775767000}
2021/12/16 19:32:59 {"callers":["E:/go/src/TicketSales/main.go: 22 main.init.0"],"level":"error","message":"svc.CreateMobileCaptcha err: 只能向已回复授权信息的手机号发送","time":1639654379388534500}
2021/12/16 19:35:11 {"callers":["E:/go/src/TicketSales/main.go: 22 main.init.0"],"level":"error","message":"svc.CreateMobileCaptcha err: 只能向已回复授权信息的手机号发送","time":1639654511361259700}
2021/12/16 19:35:27 {"callers":["E:/go/src/TicketSales/main.go: 22 main.init.0"],"level":"error","message":"svc.CreateMobileCaptcha err: 只能向已回复授权信息的手机号发送","time":1639654527819087900}
2021/12/16 19:35:58 {"callers":["E:/go/src/TicketSales/main.go: 22 main.init.0"],"level":"error","message":"svc.CreateMobileCaptcha err: 只能向已回复授权信息的手机号发送","time":1639654558005582100}
2021/12/16 19:36:07 {"callers":["E:/go/src/TicketSales/main.go: 22 main.init.0"],"level":"error","message":"svc.CreateMobileCaptcha err: 只能向已回复授权信息的手机号发送","time":1639654567989617900}
2021/12/16 19:36:50 {"callers":["E:/go/src/TicketSales/main.go: 22 main.init.0"],"level":"error","message":"svc.CreateMobileCaptcha err: 只能向已回复授权信息的手机号发送","time":1639654610235565700}
2021/12/16 19:37:08 {"callers":["E:/go/src/TicketSales/main.go: 22 main.init.0"],"level":"error","message":"svc.CreateMobileCaptcha err: 只能向已回复授权信息的手机号发送","time":1639654628623750800}
2021/12/16 19:40:54 {"callers":["E:/go/src/TicketSales/main.go: 22 main.init.0"],"level":"error","message":"svc.CheckMobileCaptcha err: 验证码失效","time":1639654854008604700}
2021/12/16 19:42:44 {"callers":["E:/go/src/TicketSales/main.go: 22 main.init.0"],"level":"error","message":"svc.CheckMobileCaptcha err: 验证码失效","time":1639654964275021700}
2021/12/16 19:44:41 {"callers":["E:/go/src/TicketSales/main.go: 22 main.init.0"],"level":"error","message":"svc.CheckAuth err: auth info does not exist.","time":1639655081490115900}
2021/12/25 18:50:59 {"callers":["E:/go/src/movie/main.go: 22 main.init.0"],"level":"error","message":"svc.GetMovieList err: Error 1064: You have an error in your SQL syntax; check the manual that corresponds to your MySQL server version for the right syntax to use near '%?%) LIMIT 1 OFFSET 0' at line 1","time":1640429459931095000}
2021/12/26 15:38:53 {"callers":["E:/go/src/movie/main.go: 22 main.init.0"],"level":"error","message":"svc.GetMovie err: Error 1054: Unknown column 'actor.' in 'where clause'","time":1640504333506307200}
2021/12/26 15:39:29 {"callers":["E:/go/src/movie/main.go: 22 main.init.0"],"level":"error","message":"svc.GetMovie err: Error 1054: Unknown column 'actor.' in 'where clause'","time":1640504369083608500}
2021/12/26 15:39:57 {"callers":["E:/go/src/movie/main.go: 22 main.init.0"],"level":"error","message":"svc.GetMovie err: Error 1054: Unknown column 'actor.' in 'where clause'","time":1640504397899819600}
2021/12/26 15:42:03 {"callers":["E:/go/src/movie/main.go: 22 main.init.0"],"level":"error","message":"svc.GetMovie err: Error 1054: Unknown column 'actor.' in 'where clause'","time":1640504523761213400}
2021/12/26 15:46:37 {"callers":["E:/go/src/movie/main.go: 22 main.init.0"],"level":"error","message":"svc.GetMovie err: Error 1054: Unknown column 'actor.' in 'where clause'","time":1640504797954685000}
2021/12/26 15:47:13 {"callers":["E:/go/src/movie/main.go: 22 main.init.0"],"level":"error","message":"svc.GetMovie err: Error 1054: Unknown column 'actor.' in 'where clause'","time":1640504833270482700}
2021/12/26 15:47:46 {"callers":["E:/go/src/movie/main.go: 22 main.init.0"],"level":"error","message":"svc.GetMovie err: Error 1054: Unknown column 'actor.id' in 'where clause'","time":1640504866978369700}
2021/12/27 15:43:10 {"callers":["E:/go/src/movie/main.go: 22 main.init.0"],"level":"error","message":"app.BindAndValid errs: City为必填字段","time":1640590990533006700}
2021/12/27 15:51:27 {"callers":["E:/go/src/movie/main.go: 22 main.init.0"],"level":"error","message":"svc.GetMovie err: record not found","time":1640591487848611600}
2021/12/27 15:52:43 {"callers":["E:/go/src/movie/main.go: 22 main.init.0"],"level":"error","message":"svc.GetMovie err: record not found","time":1640591563456747800}
2022/01/04 17:25:17 {"callers":["E:/go/src/movie/main.go: 22 main.init.0"],"level":"error","message":"app.BindAndValid errs: City为必填字段","time":1641288317896981400}
2022/01/08 16:31:08 {"callers":["E:/go/src/movie/main.go: 22 main.init.0"],"level":"error","message":"app.BindAndValid errs: City为必填字段","time":1641630668763578700}
2022/03/11 20:48:39 {"callers":["E:/go/src/movie/main.go: 22 main.init.0"],"level":"error","message":"app.BindAndValid errs: IdentityType为必填字段","time":1647002919692944800}
2022/03/11 20:51:42 {"callers":["E:/go/src/movie/main.go: 22 main.init.0"],"level":"error","message":"svc.CheckAuth err: auth info does not exist.","time":1647003102913317200}
2022/03/11 20:51:58 {"callers":["E:/go/src/movie/main.go: 22 main.init.0"],"level":"error","message":"svc.CheckAuth err: auth info does not exist.","time":1647003118795215300}
2022/03/11 22:52:54 {"callers":["E:/go/src/movie/main.go: 22 main.init.0"],"level":"error","message":"svc.CheckAuth err: auth info does not exist.","time":1647010374089234100}
2022/03/11 22:52:58 {"callers":["E:/go/src/movie/main.go: 22 main.init.0"],"level":"error","message":"svc.CheckAuth err: auth info does not exist.","time":1647010378541949000}
2022/03/11 23:36:00 {"callers":["E:/go/src/movie/main.go: 22 main.init.0"],"level":"error","message":"app.ExtractTokenMetadata err: signature is invalid","time":1647012960133715200}
2022/03/11 23:41:02 {"callers":["E:/go/src/movie/main.go: 22 main.init.0"],"level":"error","message":"app.ExtractTokenMetadata err: signature is invalid","time":1647013262833162100}
2022/03/11 23:43:32 {"callers":["E:/go/src/movie/main.go: 22 main.init.0"],"level":"error","message":"app.ExtractTokenMetadata err: Token is expired","time":1647013412081821800}
2022/03/11 23:46:10 {"callers":["E:/go/src/movie/main.go: 22 main.init.0"],"level":"error","message":"app.ExtractTokenMetadata err: Token is expired","time":1647013570315266100}
2022/03/11 23:47:06 {"callers":["E:/go/src/movie/main.go: 22 main.init.0"],"level":"error","message":"app.ExtractTokenMetadata err: Token is expired","time":1647013626061092800}
2022/03/11 23:47:12 {"callers":["E:/go/src/movie/main.go: 22 main.init.0"],"level":"error","message":"app.ExtractTokenMetadata err: Token is expired","time":1647013632420520400}
2022/03/11 23:48:35 {"callers":["E:/go/src/movie/main.go: 22 main.init.0"],"level":"error","message":"app.ExtractTokenMetadata err: Token is expired","time":1647013715830716100}
2022/03/11 23:49:09 {"callers":["E:/go/src/movie/main.go: 22 main.init.0"],"level":"error","message":"app.ExtractTokenMetadata err: Token is expired","time":1647013749413377000}
2022/03/11 23:49:26 {"callers":["E:/go/src/movie/main.go: 22 main.init.0"],"level":"error","message":"app.ExtractTokenMetadata err: Token is expired","time":1647013766052519000}
2022/03/11 23:49:35 {"callers":["E:/go/src/movie/main.go: 22 main.init.0"],"level":"error","message":"app.ExtractTokenMetadata err: Token is expired","time":1647013775525262700}
2022/03/11 23:49:50 {"callers":["E:/go/src/movie/main.go: 22 main.init.0"],"level":"error","message":"app.ExtractTokenMetadata err: Token is expired","time":1647013790029352600}
2022/03/11 23:50:00 {"callers":["E:/go/src/movie/main.go: 22 main.init.0"],"level":"error","message":"app.ExtractTokenMetadata err: Token is expired","time":1647013800939505800}
2022/03/11 23:55:42 {"callers":["E:/go/src/movie/main.go: 22 main.init.0"],"level":"error","message":"app.ExtractTokenMetadata err: Token is expired","time":1647014142481418000}
2022/03/11 23:56:50 {"callers":["E:/go/src/movie/main.go: 22 main.init.0"],"level":"error","message":"app.ExtractTokenMetadata err: Token is expired","time":1647014210308839400}
2022/03/11 23:57:04 {"callers":["E:/go/src/movie/main.go: 22 main.init.0"],"level":"error","message":"app.ExtractTokenMetadata err: Token is expired","time":1647014224112871700}
2022/03/11 23:57:42 {"callers":["E:/go/src/movie/main.go: 22 main.init.0"],"level":"error","message":"app.ExtractTokenMetadata err: Token is expired","time":1647014262301858600}
2022/03/11 23:57:54 {"callers":["E:/go/src/movie/main.go: 22 main.init.0"],"level":"error","message":"app.ExtractTokenMetadata err: Token is expired","time":1647014274485619800}
2022/03/11 23:57:58 {"callers":["E:/go/src/movie/main.go: 22 main.init.0"],"level":"error","message":"app.ExtractTokenMetadata err: Token is expired","time":1647014278133808300}
2022/03/11 23:58:39 {"callers":["E:/go/src/movie/main.go: 22 main.init.0"],"level":"error","message":"app.ExtractTokenMetadata err: Token is expired","time":1647014319237788700}
2022/03/12 00:06:25 {"callers":["E:/go/src/movie/main.go: 22 main.init.0"],"level":"error","message":"app.ExtractTokenMetadata err: Token is expired","time":1647014785511824400}
2022/03/12 00:19:13 {"callers":["E:/go/src/movie/main.go: 23 main.init.0"],"level":"error","message":"app.ExtractTokenMetadata err: Token is expired","time":1647015553559244000}
2022/03/12 00:32:34 {"callers":["E:/go/src/movie/main.go: 23 main.init.0"],"level":"error","message":"app.DeleteAuth err: \u003cnil\u003e","time":1647016354121783500}
2022/03/12 15:55:43 {"callers":["E:/go/src/movie/main.go: 23 main.init.0"],"level":"error","message":"app.BindAndValid errs: Identity为必填字段,Certificate为必填字段,IdentityType为必填字段","time":1647071743534704000}
2022/03/12 15:56:11 {"callers":["E:/go/src/movie/main.go: 23 main.init.0"],"level":"error","message":"app.BindAndValid errs: Identity为必填字段,Certificate为必填字段,IdentityType为必填字段","time":1647071771526583000}
2022/03/12 15:58:42 {"callers":["E:/go/src/movie/main.go: 23 main.init.0"],"level":"error","message":"app.BindAndValid errs: Certificate为必填字段,IdentityType为必填字段,Identity为必填字段","time":1647071922017052300}
2022/03/12 15:59:25 {"callers":["E:/go/src/movie/main.go: 23 main.init.0"],"level":"error","message":"app.BindAndValid errs: Identity为必填字段,Certificate为必填字段,IdentityType为必填字段","time":1647071965389021900}
2022/03/12 16:00:00 {"callers":["E:/go/src/movie/main.go: 23 main.init.0"],"level":"error","message":"app.BindAndValid errs: Identity为必填字段,Certificate为必填字段,IdentityType为必填字段","time":1647072000041729300}
2022/03/12 16:02:53 {"callers":["E:/go/src/movie/main.go: 23 main.init.0"],"level":"error","message":"app.BindAndValid errs: Identity为必填字段,Certificate为必填字段,IdentityType为必填字段","time":1647072173129704400}
2022/03/12 16:03:30 {"callers":["E:/go/src/movie/main.go: 23 main.init.0"],"level":"error","message":"app.BindAndValid errs: Identity为必填字段,Certificate为必填字段,IdentityType为必填字段","time":1647072210895695900}
2022/03/12 16:03:38 {"callers":["E:/go/src/movie/main.go: 23 main.init.0"],"level":"error","message":"app.BindAndValid errs: Identity为必填字段,Certificate为必填字段,IdentityType为必填字段","time":1647072218005016400}
2022/03/12 16:03:42 {"callers":["E:/go/src/movie/main.go: 23 main.init.0"],"level":"error","message":"app.BindAndValid errs: IdentityType为必填字段,Identity为必填字段,Certificate为必填字段","time":1647072222804749300}
2022/03/12 16:03:46 {"callers":["E:/go/src/movie/main.go: 23 main.init.0"],"level":"error","message":"app.BindAndValid errs: Certificate为必填字段,IdentityType为必填字段","time":1647072226146282600}
2022/03/12 16:03:54 {"callers":["E:/go/src/movie/main.go: 23 main.init.0"],"level":"error","message":"app.BindAndValid errs: IdentityType为必填字段,Identity为必填字段,Certificate为必填字段","time":1647072234718861700}
2022/03/12 16:04:05 {"callers":["E:/go/src/movie/main.go: 23 main.init.0"],"level":"error","message":"app.BindAndValid errs: Identity为必填字段,Certificate为必填字段,IdentityType为必填字段","time":1647072245561254800}
2022/03/12 16:04:10 {"callers":["E:/go/src/movie/main.go: 23 main.init.0"],"level":"error","message":"app.BindAndValid errs: ","time":1647072250629913900}
2022/03/12 16:04:15 {"callers":["E:/go/src/movie/main.go: 23 main.init.0"],"level":"error","message":"app.BindAndValid errs: ","time":1647072255888882400}
2022/03/12 16:04:19 {"callers":["E:/go/src/movie/main.go: 23 main.init.0"],"level":"error","message":"app.BindAndValid errs: IdentityType为必填字段,Identity为必填字段,Certificate为必填字段","time":1647072259357003100}
2022/03/12 16:04:23 {"callers":["E:/go/src/movie/main.go: 23 main.init.0"],"level":"error","message":"app.BindAndValid errs: Identity为必填字段,Certificate为必填字段,IdentityType为必填字段","time":1647072263261347400}
2022/03/12 16:04:25 {"callers":["E:/go/src/movie/main.go: 23 main.init.0"],"level":"error","message":"app.BindAndValid errs: Identity为必填字段,Certificate为必填字段,IdentityType为必填字段","time":1647072265120286000}
2022/03/12 16:04:43 {"callers":["E:/go/src/movie/main.go: 23 main.init.0"],"level":"error","message":"app.BindAndValid errs: ","time":1647072283737278100}
2022/03/12 16:05:01 {"callers":["E:/go/src/movie/main.go: 23 main.init.0"],"level":"error","message":"app.BindAndValid errs: ","time":1647072301029893100}
2022/03/12 16:05:07 {"callers":["E:/go/src/movie/main.go: 23 main.init.0"],"level":"error","message":"app.BindAndValid errs: ","time":1647072307157872700}
2022/03/12 16:05:13 {"callers":["E:/go/src/movie/main.go: 23 main.init.0"],"level":"error","message":"app.BindAndValid errs: ","time":1647072313448996400}
2022/03/12 16:05:24 {"callers":["E:/go/src/movie/main.go: 23 main.init.0"],"level":"error","message":"app.BindAndValid errs: Identity为必填字段,Certificate为必填字段,IdentityType为必填字段","time":1647072324366250100}
2022/03/12 16:11:26 {"callers":["E:/go/src/movie/main.go: 23 main.init.0"],"level":"error","message":"svc.CheckAuth err: auth info not exist","time":1647072686828150000}
2022/03/13 14:30:01 {"callers":["E:/go/src/movie/main.go: 23 main.init.0"],"level":"error","message":"svc.CheckAuth err: auth info not exist","time":1647153001697939500}
2022/03/16 15:04:22 {"callers":["E:/go/src/movie/main.go: 23 main.init.0"],"level":"error","message":"svc.UploadFile err: file suffix is not supported","time":1647414262092687800}
2022/03/16 21:23:09 {"callers":["E:/go/src/movie/main.go: 23 main.init.0"],"level":"error","message":"app.BindAndValid errs: CinemaID为必填字段","time":1647436989062958600}
2022/03/16 22:08:02 {"callers":["E:/go/src/movie/main.go: 23 main.init.0"],"level":"error","message":"svc.CheckAuth err: auth info not exist","time":1647439682542474100}
2022/03/16 22:08:11 {"callers":["E:/go/src/movie/main.go: 23 main.init.0"],"level":"error","message":"svc.CheckAuth err: auth info not exist","time":1647439691931455200}
2022/03/16 22:08:38 {"callers":["E:/go/src/movie/main.go: 23 main.init.0"],"level":"error","message":"svc.CheckAuth err: auth info not exist","time":1647439718619145200}
2022/03/16 22:10:30 {"callers":["E:/go/src/movie/main.go: 23 main.init.0"],"level":"error","message":"svc.CheckAuth err: auth info not exist","time":1647439830556339700}
2022/03/16 22:16:04 {"callers":["E:/go/src/movie/main.go: 23 main.init.0"],"level":"error","message":"svc.CheckAuth err: auth info not exist","time":1647440164375367500}
2022/03/16 22:16:30 {"callers":["E:/go/src/movie/main.go: 23 main.init.0"],"level":"error","message":"svc.CheckAuth err: auth info not exist","time":1647440190160474700}
2022/03/16 22:17:36 {"callers":["E:/go/src/movie/main.go: 23 main.init.0"],"level":"error","message":"svc.CheckAuth err: auth info not exist","time":1647440256336595300}
2022/03/16 22:18:29 {"callers":["E:/go/src/movie/main.go: 23 main.init.0"],"level":"error","message":"svc.CheckAuth err: auth info not exist","time":1647440309529109200}
2022/03/17 21:20:02 {"callers":["E:/go/src/movie/main.go: 23 main.init.0"],"level":"error","message":"svc.GetCinemaList err: sql: Scan error on column index 4, name \"start_time\": converting driver.Value type time.Time (\"2021-10-20 01:19:25 +0800 CST\") to a int64: invalid syntax; sql: Scan error on column index 4, name \"start_time\": converting driver.Value type time.Time (\"2022-04-10 21:19:42 +0800 CST\") to a int64: invalid syntax","time":1647523202408774200}
2022/03/17 23:13:37 {"callers":["E:/go/src/movie/main.go: 23 main.init.0"],"level":"error","message":"svc.GetRuntime err: unsupported destination, should be slice or struct","time":1647530017433607100}
2022/03/18 16:38:11 {"callers":["E:/go/src/movie/main.go: 23 main.init.0"],"level":"error","message":"app.BindAndValid errs: Key: 'UpdateSessionReq.CinemaID' Error:Field validation for 'CinemaID' failed on the 'required' tag","time":1647592691298854900}
2022/03/18 16:45:57 {"callers":["E:/go/src/movie/main.go: 23 main.init.0"],"level":"error","message":"svc.GetCinemaList err: Error 1264: Out of range value for column 'end_time' at row 1","time":1647593157346644900}
2022/03/19 22:06:58 {"callers":["E:/go/src/movie/main.go: 23 main.init.0"],"level":"error","message":"svc.GetCinema err: record not found","time":1647698818684790600}
2022/03/19 22:08:03 {"callers":["E:/go/src/movie/main.go: 23 main.init.0"],"level":"error","message":"svc.GetCinema err: record not found","time":1647698883566417300}
2022/03/19 22:10:28 {"callers":["E:/go/src/movie/main.go: 23 main.init.0"],"level":"error","message":"svc.GetCinema err: record not found","time":1647699028804411000}
2022/03/20 22:26:36 {"callers":["E:/go/src/movie/main.go: 23 main.init.0"],"level":"error","message":"app.BindAndValid errs: Key: 'CreateMobileCapReq.ActionType' Error:Field validation for 'ActionType' failed on the 'required' tag","time":1647786396300971900}
2022/03/20 22:27:08 {"callers":["E:/go/src/movie/main.go: 23 main.init.0"],"level":"error","message":"app.BindAndValid errs: Key: 'CreateMobileCapReq.ActionType' Error:Field validation for 'ActionType' failed on the 'required' tag","time":1647786428909984500}
2022/03/21 11:51:59 {"callers":["E:/go/src/movie/main.go: 23 main.init.0"],"level":"error","message":"svc.CheckAuth err: auth info not exist","time":1647834719101885200}
2022/03/21 11:52:04 {"callers":["E:/go/src/movie/main.go: 23 main.init.0"],"level":"error","message":"svc.CheckAuth err: auth info not exist","time":1647834724088957300}
2022/03/21 11:57:56 {"callers":["E:/go/src/movie/main.go: 23 main.init.0"],"level":"error","message":"svc.CheckAuth err: auth info not exist","time":1647835076327098600}
2022/03/21 12:02:59 {"callers":["E:/go/src/movie/main.go: 23 main.init.0"],"level":"error","message":"svc.CheckAuth err: auth info not exist","time":1647835379121332800}
2022/03/21 12:03:37 {"callers":["E:/go/src/movie/main.go: 23 main.init.0"],"level":"error","message":"svc.CheckAuth err: auth info not exist","time":1647835417683972800}
2022/03/21 12:04:19 {"callers":["E:/go/src/movie/main.go: 23 main.init.0"],"level":"error","message":"svc.CheckAuth err: auth info not exist","time":1647835459103871700}
2022/03/21 12:06:01 {"callers":["E:/go/src/movie/main.go: 23 main.init.0"],"level":"error","message":"svc.CheckAuth err: auth info not exist","time":1647835561013913700}
2022/03/21 12:06:08 {"callers":["E:/go/src/movie/main.go: 23 main.init.0"],"level":"error","message":"svc.CheckAuth err: auth info not exist","time":1647835568040034500}
2022/03/21 12:06:57 {"callers":["E:/go/src/movie/main.go: 23 main.init.0"],"level":"error","message":"svc.CheckAuth err: auth info not exist","time":1647835617086885100}
2022/03/21 16:46:38 {"callers":["E:/go/src/movie/main.go: 23 main.init.0"],"level":"error","message":"app.BindAndValid errs: Key: 'SignupByMobileReq.Username' Error:Field validation for 'Username' failed on the 'required' tag","time":1647852398284993900}
2022/03/21 16:48:15 {"callers":["E:/go/src/movie/main.go: 23 main.init.0"],"level":"error","message":"svc.CheckMobileCaptcha err: 验证码失效","time":1647852495395948100}
2022/03/21 16:49:09 {"callers":["E:/go/src/movie/main.go: 23 main.init.0"],"level":"error","message":"svc.CheckMobileCaptcha err: 验证码错误","time":1647852549191090700}
2022/03/21 16:49:17 {"callers":["E:/go/src/movie/main.go: 23 main.init.0"],"level":"error","message":"svc.CheckMobileCaptcha err: 验证码错误","time":1647852557207844900}
2022/03/21 16:50:32 {"callers":["E:/go/src/movie/main.go: 23 main.init.0"],"level":"error","message":"svc.CheckAuth err: auth info not exist","time":1647852632782421300}
2022/03/21 16:50:37 {"callers":["E:/go/src/movie/main.go: 23 main.init.0"],"level":"error","message":"svc.CheckAuth err: auth info not exist","time":1647852637231173400}
2022/03/21 17:00:18 {"callers":["E:/go/src/movie/main.go: 23 main.init.0"],"level":"error","message":"svc.CheckMobileCaptcha err: 验证码错误","time":1647853218743331000}
2022/03/21 17:01:23 {"callers":["E:/go/src/movie/main.go: 23 main.init.0"],"level":"error","message":"svc.CheckAuth err: auth info not exist","time":1647853283893840900}
2022/03/21 17:14:05 {"callers":["E:/go/src/movie/main.go: 23 main.init.0"],"level":"error","message":"svc.LoginByMobileCaptcha err: 验证码错误","time":1647854045644405000}
2022/03/21 17:15:57 {"callers":["E:/go/src/movie/main.go: 23 main.init.0"],"level":"error","message":"svc.LoginByMobileCaptcha err: 验证码错误","time":1647854157771132000}
2022/03/21 17:17:46 {"callers":["E:/go/src/movie/main.go: 23 main.init.0"],"level":"error","message":"svc.LoginByMobileCaptcha err: 验证码错误","time":1647854266825016600}
2022/03/21 17:18:33 {"callers":["E:/go/src/movie/main.go: 23 main.init.0"],"level":"error","message":"svc.LoginByMobileCaptcha err: 验证码失效","time":1647854313317192400}
2022/03/21 17:18:40 {"callers":["E:/go/src/movie/main.go: 23 main.init.0"],"level":"error","message":"svc.LoginByMobileCaptcha err: 验证码失效","time":1647854320402956700}
2022/03/21 17:19:07 {"callers":["E:/go/src/movie/main.go: 23 main.init.0"],"level":"error","message":"svc.LoginByMobileCaptcha err: 验证码失效","time":1647854347804894100}
2022/03/21 17:19:14 {"callers":["E:/go/src/movie/main.go: 23 main.init.0"],"level":"error","message":"svc.LoginByMobileCaptcha err: 验证码失效","time":1647854354384342900}
2022/03/21 22:01:18 {"callers":["E:/go/src/movie/main.go: 23 main.init.0"],"level":"error","message":"svc.CheckAuth err: auth info not exist","time":1647871278035742900}
2022/03/21 22:01:23 {"callers":["E:/go/src/movie/main.go: 23 main.init.0"],"level":"error","message":"svc.CheckAuth err: auth info not exist","time":1647871283524379900}
2022/03/21 22:01:55 {"callers":["E:/go/src/movie/main.go: 23 main.init.0"],"level":"error","message":"svc.CheckMobileCaptcha err: 验证码错误","time":1647871315520311000}
2022/03/29 22:22:33 {"callers":["E:/go/src/movie/main.go: 23 main.init.0"],"level":"error","message":"app.BindAndValid errs: Key: 'CheckAccountReq.Username' Error:Field validation for 'Username' failed on the 'min' tag","time":1648563753777284500}
2022/03/29 22:22:33 {"callers":["E:/go/src/movie/main.go: 23 main.init.0"],"level":"error","message":"app.BindAndValid errs: Key: 'CheckAccountReq.Username' Error:Field validation for 'Username' failed on the 'min' tag","time":1648563753883457500}
2022/03/29 22:22:34 {"callers":["E:/go/src/movie/main.go: 23 main.init.0"],"level":"error","message":"app.BindAndValid errs: Key: 'CheckAccountReq.Username' Error:Field validation for 'Username' failed on the 'min' tag","time":1648563754971042000}
2022/03/29 22:22:35 {"callers":["E:/go/src/movie/main.go: 23 main.init.0"],"level":"error","message":"app.BindAndValid errs: Key: 'CheckAccountReq.Username' Error:Field validation for 'Username' failed on the 'min' tag","time":1648563755109696600}
2022/03/29 22:23:08 {"callers":["E:/go/src/movie/main.go: 23 main.init.0"],"level":"error","message":"app.BindAndValid errs: Key: 'CheckAccountReq.Username' Error:Field validation for 'Username' failed on the 'min' tag","time":1648563788425453300}
2022/03/29 22:46:50 {"callers":["E:/go/src/movie/main.go: 23 main.init.0"],"level":"error","message":"app.BindAndValid errs: Key: 'CheckAccountReq.Username' Error:Field validation for 'Username' failed on the 'min' tag","time":1648565210347958500}
2022/03/29 22:46:54 {"callers":["E:/go/src/movie/main.go: 23 main.init.0"],"level":"error","message":"app.BindAndValid errs: Key: 'CheckAccountReq.Username' Error:Field validation for 'Username' failed on the 'min' tag","time":1648565214891372000}
2022/03/29 22:46:54 {"callers":["E:/go/src/movie/main.go: 23 main.init.0"],"level":"error","message":"app.BindAndValid errs: Key: 'CheckAccountReq.Username' Error:Field validation for 'Username' failed on the 'min' tag","time":1648565214994072600}
2022/03/29 22:46:57 {"callers":["E:/go/src/movie/main.go: 23 main.init.0"],"level":"error","message":"app.BindAndValid errs: Key: 'CheckAccountReq.Username' Error:Field validation for 'Username' failed on the 'min' tag","time":1648565217062525400}
2022/03/29 22:46:57 {"callers":["E:/go/src/movie/main.go: 23 main.init.0"],"level":"error","message":"app.BindAndValid errs: Key: 'CheckAccountReq.Username' Error:Field validation for 'Username' failed on the 'min' tag","time":1648565217199499000}
2022/03/29 23:10:29 {"callers":["E:/go/src/movie/main.go: 23 main.init.0"],"level":"error","message":"app.BindAndValid errs: Key: 'CheckAccountReq.Username' Error:Field validation for 'Username' failed on the 'required' tag","time":1648566629018353200}
2022/03/29 23:11:07 {"callers":["E:/go/src/movie/main.go: 23 main.init.0"],"level":"error","message":"app.BindAndValid errs: Key: 'CheckAccountReq.Username' Error:Field validation for 'Username' failed on the 'min' tag","time":1648566667800579200}
2022/03/30 21:31:35 {"callers":["E:/go/src/movie/main.go: 23 main.init.0"],"level":"error","message":"app.BindAndValid errs: Key: 'AuthRequest.Identity' Error:Field validation for 'Identity' failed on the 'required' tag,Key: 'AuthRequest.Certificate' Error:Field validation for 'Certificate' failed on the 'required' tag,Key: 'AuthRequest.IdentityType' Error:Field validation for 'IdentityType' failed on the 'required' tag","time":1648647095736976600}
2022/03/30 21:31:45 {"callers":["E:/go/src/movie/main.go: 23 main.init.0"],"level":"error","message":"app.BindAndValid errs: Key: 'AuthRequest.Identity' Error:Field validation for 'Identity' failed on the 'required' tag,Key: 'AuthRequest.Certificate' Error:Field validation for 'Certificate' failed on the 'required' tag,Key: 'AuthRequest.IdentityType' Error:Field validation for 'IdentityType' failed on the 'required' tag","time":1648647105241550800}
2022/03/30 21:48:27 {"callers":["E:/go/src/movie/main.go: 23 main.init.0"],"level":"error","message":"app.BindAndValid errs: Key: 'AuthRequest.Identity' Error:Field validation for 'Identity' failed on the 'required' tag,Key: 'AuthRequest.Certificate' Error:Field validation for 'Certificate' failed on the 'required' tag,Key: 'AuthRequest.IdentityType' Error:Field validation for 'IdentityType' failed on the 'required' tag","time":1648648107381905700}
2022/03/30 21:48:51 {"callers":["E:/go/src/movie/main.go: 23 main.init.0"],"level":"error","message":"app.BindAndValid errs: Key: 'AuthRequest.Certificate' Error:Field validation for 'Certificate' failed on the 'required' tag,Key: 'AuthRequest.IdentityType' Error:Field validation for 'IdentityType' failed on the 'required' tag,Key: 'AuthRequest.Identity' Error:Field validation for 'Identity' failed on the 'required' tag","time":1648648131618097400}
2022/03/31 21:39:56 {"callers":["E:/go/src/movie/main.go: 23 main.init.0"],"level":"error","message":"app.BindAndValid errs: Key: 'HotMoviesReq.City' Error:Field validation for 'City' failed on the 'required' tag","time":1648733996832193300}
2022/03/31 21:50:03 {"callers":["E:/go/src/movie/main.go: 23 main.init.0"],"level":"error","message":"svc.GetHotMovies err: record not found","time":1648734603896098400}
2022/03/31 22:19:54 {"callers":["E:/go/src/movie/main.go: 23 main.init.0"],"level":"error","message":"app.BindAndValid errs: Key: 'HotMoviesReq.City' Error:Field validation for 'City' failed on the 'required' tag","time":1648736394468732300}
2022/04/01 14:41:18 {"callers":["E:/go/src/movie/main.go: 23 main.init.0"],"level":"error","message":"svc.GetMovie err: record not found","time":1648795278853231500}
2022/04/01 17:08:31 {"callers":["E:/go/src/movie/main.go: 23 main.init.0"],"level":"error","message":"svc.GetCinemaList err: Error 1064: You have an error in your SQL syntax; check the manual that corresponds to your MySQL server version for the right syntax to use near 'city = ?) AND (SELECT *,st_distance_sphere(point(longitude,latitude),point(?,?))' at line 1","time":1648804111618897400}
2022/04/01 17:24:12 {"callers":["E:/go/src/movie/main.go: 23 main.init.0"],"level":"error","message":"svc.GetCinemaList err: Error 1103: Incorrect table name ''","time":1648805052074571100}
2022/04/01 17:26:02 {"callers":["E:/go/src/movie/main.go: 23 main.init.0"],"level":"error","message":"svc.GetCinemaList err: Error 1103: Incorrect table name ''","time":1648805162314365500}
2022/04/02 17:24:10 {"callers":["E:/go/src/movie/main.go: 23 main.init.0"],"level":"error","message":"svc.GetCinemaList err: Error 1064: You have an error in your SQL syntax; check the manual that corresponds to your MySQL server version for the right syntax to use near 'aes' at line 1","time":1648891450439569500}
2022/04/03 22:20:53 {"callers":["E:/go/src/movie/main.go: 22 main.init.0"],"level":"error","message":"app.BindAndValid errs: ","time":1648995653861314600}
2022/04/04 14:07:09 {"callers":["E:/go/src/movie/main.go: 22 main.init.0"],"level":"error","message":"app.BindAndValid errs: ","time":1649052429581239600}
2022/04/04 18:09:02 {"callers":["E:/go/src/movie/main.go: 22 main.init.0"],"level":"error","message":"svc.CreateMobileCaptcha err: 只能向已回复授权信息的手机号发送","time":1649066942045698500}
2022/04/04 21:40:18 {"callers":["E:/go/src/movie/main.go: 22 main.init.0"],"level":"error","message":"svc.CheckMobileCaptcha err: 验证码失效","time":1649079618698652800}
2022/04/04 21:41:18 {"callers":["E:/go/src/movie/main.go: 22 main.init.0"],"level":"error","message":"svc.CheckMobileCaptcha err: 验证码失效","time":1649079678314434300}
2022/04/04 21:42:16 {"callers":["E:/go/src/movie/main.go: 22 main.init.0"],"level":"error","message":"svc.CheckMobileCaptcha err: 验证码失效","time":1649079736050894000}
2022/04/04 21:43:24 {"callers":["E:/go/src/movie/main.go: 22 main.init.0"],"level":"error","message":"svc.CheckMobileCaptcha err: 验证码失效","time":1649079804278366100}
2022/04/04 21:46:37 {"callers":["E:/go/src/movie/main.go: 22 main.init.0"],"level":"error","message":"svc.CheckMobileCaptcha err: 验证码失效","time":1649079997820675700}
2022/04/04 22:15:05 {"callers":["E:/go/src/movie/main.go: 22 main.init.0"],"level":"error","message":"app.BindAndValid errs: Key: 'AuthRequest.IdentityType' Error:Field validation for 'IdentityType' failed on the 'required' tag","time":1649081705872059700}
2022/04/04 22:16:53 {"callers":["E:/go/src/movie/main.go: 22 main.init.0"],"level":"error","message":"svc.CheckAuth err: auth info not exist","time":1649081813672229500}
2022/04/04 22:16:59 {"callers":["E:/go/src/movie/main.go: 22 main.init.0"],"level":"error","message":"svc.CheckAuth err: auth info not exist","time":1649081819236075800}
2022/04/04 22:17:16 {"callers":["E:/go/src/movie/main.go: 22 main.init.0"],"level":"error","message":"svc.CheckAuth err: auth info not exist","time":1649081836456649000}
2022/04/04 22:18:15 {"callers":["E:/go/src/movie/main.go: 22 main.init.0"],"level":"error","message":"svc.CheckAuth err: auth info not exist","time":1649081895999192400}
2022/04/05 11:04:50 {"callers":["E:/go/src/movie/main.go: 22 main.init.0"],"level":"error","message":"app.BindAndValid errs: Key: 'AuthRequest.Identity' Error:Field validation for 'Identity' failed on the 'required' tag,Key: 'AuthRequest.Certificate' Error:Field validation for 'Certificate' failed on the 'required' tag","time":1649127890340528400}
2022/04/05 11:06:42 {"callers":["E:/go/src/movie/main.go: 22 main.init.0"],"level":"error","message":"app.BindAndValid errs: Key: 'AuthRequest.Identity' Error:Field validation for 'Identity' failed on the 'required' tag,Key: 'AuthRequest.Certificate' Error:Field validation for 'Certificate' failed on the 'required' tag","time":1649128002036581200}
2022/04/05 11:08:35 {"callers":["E:/go/src/movie/main.go: 22 main.init.0"],"level":"error","message":"app.BindAndValid errs: Key: 'AuthRequest.Identity' Error:Field validation for 'Identity' failed on the 'required' tag,Key: 'AuthRequest.Certificate' Error:Field validation for 'Certificate' failed on the 'required' tag","time":1649128115241599900}
2022/04/05 11:10:18 {"callers":["E:/go/src/movie/main.go: 22 main.init.0"],"level":"error","message":"app.BindAndValid errs: Key: 'AuthRequest.Identity' Error:Field validation for 'Identity' failed on the 'required' tag,Key: 'AuthRequest.Certificate' Error:Field validation for 'Certificate' failed on the 'required' tag","time":1649128218696421400}
2022/04/05 11:14:08 {"callers":["E:/go/src/movie/main.go: 22 main.init.0"],"level":"error","message":"app.BindAndValid errs: Key: 'AuthRequest.Identity' Error:Field validation for 'Identity' failed on the 'required' tag,Key: 'AuthRequest.Certificate' Error:Field validation for 'Certificate' failed on the 'required' tag","time":1649128448266069100}
2022/04/05 11:15:26 {"callers":["E:/go/src/movie/main.go: 22 main.init.0"],"level":"error","message":"app.BindAndValid errs: Key: 'AuthRequest.Identity' Error:Field validation for 'Identity' failed on the 'required' tag,Key: 'AuthRequest.Certificate' Error:Field validation for 'Certificate' failed on the 'required' tag","time":1649128526791950700}
2022/04/05 11:19:00 {"callers":["E:/go/src/movie/main.go: 22 main.init.0"],"level":"error","message":"app.BindAndValid errs: Key: 'LoginByCaptchaReq.Identity' Error:Field validation for 'Identity' failed on the 'required' tag","time":1649128740887412400}
2022/04/05 11:20:08 {"callers":["E:/go/src/movie/main.go: 22 main.init.0"],"level":"error","message":"svc.LoginByMobileCaptcha err: 验证码失效","time":1649128808529282200}
2022/04/05 11:21:01 {"callers":["E:/go/src/movie/main.go: 22 main.init.0"],"level":"error","message":"svc.LoginByMobileCaptcha err: 验证码失效","time":1649128861505222700}
2022/04/05 11:21:21 {"callers":["E:/go/src/movie/main.go: 22 main.init.0"],"level":"error","message":"svc.LoginByMobileCaptcha err: 验证码失效","time":1649128881811406500}
2022/04/05 11:21:58 {"callers":["E:/go/src/movie/main.go: 22 main.init.0"],"level":"error","message":"svc.LoginByMobileCaptcha err: 验证码失效","time":1649128918435692600}
2022/04/05 16:28:12 {"callers":["E:/go/src/movie/main.go: 22 main.init.0"],"level":"error","message":"svc.CheckAuth err: auth info not exist","time":1649147292031795400}
2022/04/07 17:34:51 {"callers":["E:/go/src/movie/main.go: 22 main.init.0"],"level":"error","message":"app.BindAndValid errs: ","time":1649324091828384500}
2022/04/07 17:35:38 {"callers":["E:/go/src/movie/main.go: 22 main.init.0"],"level":"error","message":"app.BindAndValid errs: ","time":1649324138062594300}
2022/04/08 15:03:35 {"callers":["E:/go/src/movie/main.go: 22 main.init.0"],"level":"error","message":"svc.GetCinemaList err: record not found","time":1649401415878611300}
2022/04/08 15:03:39 {"callers":["E:/go/src/movie/main.go: 22 main.init.0"],"level":"error","message":"svc.GetHotMovies err: record not found","time":1649401419424802700}
2022/04/08 15:04:04 {"callers":["E:/go/src/movie/main.go: 22 main.init.0"],"level":"error","message":"svc.GetHotMovies err: record not found","time":1649401444936341500}
2022/04/08 21:55:28 {"callers":["E:/go/src/movie/main.go: 22 main.init.0"],"level":"error","message":"app.BindAndValid errs: ","time":1649426128434271800}
2022/04/08 21:56:11 {"callers":["E:/go/src/movie/main.go: 22 main.init.0"],"level":"error","message":"app.BindAndValid errs: ","time":1649426171648549600}
2022/04/08 21:56:38 {"callers":["E:/go/src/movie/main.go: 22 main.init.0"],"level":"error","message":"app.BindAndValid errs: ","time":1649426198207285700}
2022/04/08 21:57:17 {"callers":["E:/go/src/movie/main.go: 22 main.init.0"],"level":"error","message":"app.BindAndValid errs: ","time":1649426237406283300}
2022/04/08 21:57:45 {"callers":["E:/go/src/movie/main.go: 22 main.init.0"],"level":"error","message":"app.BindAndValid errs: ","time":1649426265336932100}
2022/04/08 22:09:32 {"callers":["E:/go/src/movie/main.go: 22 main.init.0"],"level":"error","message":"app.BindAndValid errs: ","time":1649426972206511400}
